Vivado Simulator 2018.1
Copyright 1986-1999, 2001-2017 Xilinx, Inc. All Rights Reserved.
Running: D:/ProgramFiles/Xilinx/Vivado/2018.1/bin/unwrapped/win64.o/xelab.exe -wto d40fa46dfa0b4af8adb2cf2e7bc035b0 --incr --debug typical --relax --mt 2 -L xil_defaultlib -L unisims_ver -L unimacro_ver -L secureip --snapshot TestSBoxes_Full_behav xil_defaultlib.TestSBoxes_Full xil_defaultlib.glbl -log elaborate.log 
Using 2 slave threads.
Starting static elaboration
Completed static elaboration
Starting simulation data flow analysis
WARNING: [XSIM 43-4099] "D:/Programming/Vivado/DES_AO/DES_AO.srcs/sources_1/new/SBox.v" Line 1. Module S1 doesn't have a timescale but at least one module in design has a timescale.
WARNING: [XSIM 43-4099] "D:/Programming/Vivado/DES_AO/DES_AO.srcs/sources_1/new/SBox.v" Line 83. Module S2 doesn't have a timescale but at least one module in design has a timescale.
WARNING: [XSIM 43-4099] "D:/Programming/Vivado/DES_AO/DES_AO.srcs/sources_1/new/SBox.v" Line 165. Module S3 doesn't have a timescale but at least one module in design has a timescale.
WARNING: [XSIM 43-4099] "D:/Programming/Vivado/DES_AO/DES_AO.srcs/sources_1/new/SBox.v" Line 247. Module S4 doesn't have a timescale but at least one module in design has a timescale.
WARNING: [XSIM 43-4099] "D:/Programming/Vivado/DES_AO/DES_AO.srcs/sources_1/new/SBox.v" Line 329. Module S5 doesn't have a timescale but at least one module in design has a timescale.
WARNING: [XSIM 43-4099] "D:/Programming/Vivado/DES_AO/DES_AO.srcs/sources_1/new/SBox.v" Line 411. Module S6 doesn't have a timescale but at least one module in design has a timescale.
WARNING: [XSIM 43-4099] "D:/Programming/Vivado/DES_AO/DES_AO.srcs/sources_1/new/SBox.v" Line 493. Module S7 doesn't have a timescale but at least one module in design has a timescale.
WARNING: [XSIM 43-4099] "D:/Programming/Vivado/DES_AO/DES_AO.srcs/sources_1/new/SBox.v" Line 575. Module S8 doesn't have a timescale but at least one module in design has a timescale.
Completed simulation data flow analysis
Time Resolution for simulation is 1ps
Compiling module xil_defaultlib.S1
Compiling module xil_defaultlib.S2
Compiling module xil_defaultlib.S3
Compiling module xil_defaultlib.S4
Compiling module xil_defaultlib.S5
Compiling module xil_defaultlib.S6
Compiling module xil_defaultlib.S7
Compiling module xil_defaultlib.S8
Compiling module xil_defaultlib.SBoxes
Compiling module xil_defaultlib.TestSBoxes_Full
Compiling module xil_defaultlib.glbl
Built simulation snapshot TestSBoxes_Full_behav
